uikit/build/outputs/logs/manifest-merger-release-report.txt
-- Merging decision tree log ---
manifest
<<<<<<< HEAD
ADDED from pe-android/uikit/AndroidManifest.xml:2:1-158:12
INJECTED from pe-android/uikit/AndroidManifest.xml:2:1-158:12
INJECTED from pe-android/uikit/AndroidManifest.xml:2:1-158:12
INJECTED from pe-android/uikit/AndroidManifest.xml:2:1-158:12
INJECTED from pe-android/uikit/AndroidManifest.xml:2:1-158:12
INJECTED from pe-android/uikit/AndroidManifest.xml:2:1-158:12
INJECTED from pe-android/uikit/AndroidManifest.xml:2:1-158:12
	package
		ADDED from pe-android/uikit/AndroidManifest.xml:3:5-36
		INJECTED from pe-android/uikit/AndroidManifest.xml
		INJECTED from pe-android/uikit/AndroidManifest.xml
	android:versionName
		INJECTED from pe-android/uikit/AndroidManifest.xml
		ADDED from pe-android/uikit/AndroidManifest.xml:2:1-158:12
		INJECTED from pe-android/uikit/AndroidManifest.xml
	android:versionCode
		INJECTED from pe-android/uikit/AndroidManifest.xml
		ADDED from pe-android/uikit/AndroidManifest.xml:2:1-158:12
		INJECTED from pe-android/uikit/AndroidManifest.xml
	xmlns:android
		ADDED from pe-android/uikit/AndroidManifest.xml:2:11-69
application
ADDED from pe-android/uikit/AndroidManifest.xml:5:5-156:19
	android:theme
		ADDED from pe-android/uikit/AndroidManifest.xml:5:18-61
meta-data#com.netease.nim.uikit.support.glide.NIMGlideModule
ADDED from pe-android/uikit/AndroidManifest.xml:6:9-8:43
	android:value
		ADDED from pe-android/uikit/AndroidManifest.xml:8:13-40
	android:name
		ADDED from pe-android/uikit/AndroidManifest.xml:7:13-78
activity#com.netease.nim.uikit.business.session.activity.P2PMessageActivity
ADDED from pe-android/uikit/AndroidManifest.xml:15:9-20:70
	android:screenOrientation
		ADDED from pe-android/uikit/AndroidManifest.xml:18:13-49
	android:windowSoftInputMode
		ADDED from pe-android/uikit/AndroidManifest.xml:20:13-67
	android:configChanges
		ADDED from pe-android/uikit/AndroidManifest.xml:17:13-63
	android:theme
		ADDED from pe-android/uikit/AndroidManifest.xml:19:13-56
	android:name
		ADDED from pe-android/uikit/AndroidManifest.xml:16:13-73
activity#com.netease.nim.uikit.business.session.activity.TeamMessageActivity
ADDED from pe-android/uikit/AndroidManifest.xml:21:9-26:70
	android:screenOrientation
		ADDED from pe-android/uikit/AndroidManifest.xml:24:13-49
	android:windowSoftInputMode
		ADDED from pe-android/uikit/AndroidManifest.xml:26:13-67
	android:configChanges
		ADDED from pe-android/uikit/AndroidManifest.xml:23:13-63
	android:theme
		ADDED from pe-android/uikit/AndroidManifest.xml:25:13-56
	android:name
		ADDED from pe-android/uikit/AndroidManifest.xml:22:13-74
activity#com.netease.nim.uikit.business.team.activity.NormalTeamInfoActivity
ADDED from pe-android/uikit/AndroidManifest.xml:29:9-34:70
	android:screenOrientation
		ADDED from pe-android/uikit/AndroidManifest.xml:32:13-49
	android:windowSoftInputMode
		ADDED from pe-android/uikit/AndroidManifest.xml:34:13-67
	android:configChanges
		ADDED from pe-android/uikit/AndroidManifest.xml:31:13-63
	android:theme
		ADDED from pe-android/uikit/AndroidManifest.xml:33:13-56
	android:name
		ADDED from pe-android/uikit/AndroidManifest.xml:30:13-74
activity#com.netease.nim.uikit.business.team.activity.AdvancedTeamInfoActivity
ADDED from pe-android/uikit/AndroidManifest.xml:35:9-40:70
	android:screenOrientation
		ADDED from pe-android/uikit/AndroidManifest.xml:38:13-49
	android:windowSoftInputMode
		ADDED from pe-android/uikit/AndroidManifest.xml:40:13-67
	android:configChanges
		ADDED from pe-android/uikit/AndroidManifest.xml:37:13-63
	android:theme
		ADDED from pe-android/uikit/AndroidManifest.xml:39:13-56
	android:name
		ADDED from pe-android/uikit/AndroidManifest.xml:36:13-76
activity#com.netease.nim.uikit.business.team.activity.AdvancedTeamMemberActivity
ADDED from pe-android/uikit/AndroidManifest.xml:41:9-46:70
	android:screenOrientation
		ADDED from pe-android/uikit/AndroidManifest.xml:44:13-49
	android:windowSoftInputMode
		ADDED from pe-android/uikit/AndroidManifest.xml:46:13-67
	android:configChanges
		ADDED from pe-android/uikit/AndroidManifest.xml:43:13-63
	android:theme
		ADDED from pe-android/uikit/AndroidManifest.xml:45:13-56
	android:name
		ADDED from pe-android/uikit/AndroidManifest.xml:42:13-78
activity#com.netease.nim.uikit.business.team.activity.AdvancedTeamAnnounceActivity
ADDED from pe-android/uikit/AndroidManifest.xml:47:9-52:70
	android:screenOrientation
		ADDED from pe-android/uikit/AndroidManifest.xml:50:13-49
	android:windowSoftInputMode
		ADDED from pe-android/uikit/AndroidManifest.xml:52:13-67
	android:configChanges
		ADDED from pe-android/uikit/AndroidManifest.xml:49:13-63
	android:theme
		ADDED from pe-android/uikit/AndroidManifest.xml:51:13-56
	android:name
		ADDED from pe-android/uikit/AndroidManifest.xml:48:13-80
activity#com.netease.nim.uikit.business.team.activity.AdvancedTeamMemberInfoActivity
ADDED from pe-android/uikit/AndroidManifest.xml:53:9-58:70
	android:screenOrientation
		ADDED from pe-android/uikit/AndroidManifest.xml:56:13-49
	android:windowSoftInputMode
		ADDED from pe-android/uikit/AndroidManifest.xml:58:13-67
	android:configChanges
		ADDED from pe-android/uikit/AndroidManifest.xml:55:13-63
	android:theme
		ADDED from pe-android/uikit/AndroidManifest.xml:57:13-56
	android:name
		ADDED from pe-android/uikit/AndroidManifest.xml:54:13-82
activity#com.netease.nim.uikit.business.team.activity.AdvancedTeamNicknameActivity
ADDED from pe-android/uikit/AndroidManifest.xml:59:9-64:70
	android:screenOrientation
		ADDED from pe-android/uikit/AndroidManifest.xml:62:13-49
	android:windowSoftInputMode
		ADDED from pe-android/uikit/AndroidManifest.xml:64:13-67
	android:configChanges
		ADDED from pe-android/uikit/AndroidManifest.xml:61:13-63
	android:theme
		ADDED from pe-android/uikit/AndroidManifest.xml:63:13-56
	android:name
		ADDED from pe-android/uikit/AndroidManifest.xml:60:13-80
activity#com.netease.nim.uikit.business.team.activity.AdvancedTeamCreateAnnounceActivity
ADDED from pe-android/uikit/AndroidManifest.xml:65:9-70:70
	android:screenOrientation
		ADDED from pe-android/uikit/AndroidManifest.xml:68:13-49
	android:windowSoftInputMode
		ADDED from pe-android/uikit/AndroidManifest.xml:70:13-67
	android:configChanges
		ADDED from pe-android/uikit/AndroidManifest.xml:67:13-63
	android:theme
		ADDED from pe-android/uikit/AndroidManifest.xml:69:13-56
	android:name
		ADDED from pe-android/uikit/AndroidManifest.xml:66:13-86
activity#com.netease.nim.uikit.business.team.activity.TeamPropertySettingActivity
ADDED from pe-android/uikit/AndroidManifest.xml:71:9-76:70
	android:screenOrientation
		ADDED from pe-android/uikit/AndroidManifest.xml:74:13-49
	android:windowSoftInputMode
		ADDED from pe-android/uikit/AndroidManifest.xml:76:13-67
	android:configChanges
		ADDED from pe-android/uikit/AndroidManifest.xml:73:13-63
	android:theme
		ADDED from pe-android/uikit/AndroidManifest.xml:75:13-56
	android:name
		ADDED from pe-android/uikit/AndroidManifest.xml:72:13-79
activity#com.netease.nim.uikit.business.contact.selector.activity.ContactSelectActivity
ADDED from pe-android/uikit/AndroidManifest.xml:79:9-85:67
	android:screenOrientation
		ADDED from pe-android/uikit/AndroidManifest.xml:83:13-49
	android:label
		ADDED from pe-android/uikit/AndroidManifest.xml:82:13-53
	android:windowSoftInputMode
		ADDED from pe-android/uikit/AndroidManifest.xml:85:13-64
	android:configChanges
		ADDED from pe-android/uikit/AndroidManifest.xml:81:13-63
	android:theme
		ADDED from pe-android/uikit/AndroidManifest.xml:84:13-56
	android:name
		ADDED from pe-android/uikit/AndroidManifest.xml:80:13-85
activity#com.netease.nim.uikit.business.ait.selector.AitContactSelectorActivity
ADDED from pe-android/uikit/AndroidManifest.xml:88:9-91:59
	android:screenOrientation
		ADDED from pe-android/uikit/AndroidManifest.xml:90:13-49
	android:theme
		ADDED from pe-android/uikit/AndroidManifest.xml:91:13-56
	android:name
		ADDED from pe-android/uikit/AndroidManifest.xml:89:13-77
activity#com.netease.nim.uikit.common.media.picker.activity.PickImageActivity
ADDED from pe-android/uikit/AndroidManifest.xml:94:9-97:59
	android:screenOrientation
		ADDED from pe-android/uikit/AndroidManifest.xml:96:13-49
	android:theme
		ADDED from pe-android/uikit/AndroidManifest.xml:97:13-56
	android:name
		ADDED from pe-android/uikit/AndroidManifest.xml:95:13-75
activity#com.netease.nim.uikit.common.media.picker.activity.CropImageActivity
ADDED from pe-android/uikit/AndroidManifest.xml:98:9-101:59
	android:screenOrientation
		ADDED from pe-android/uikit/AndroidManifest.xml:100:13-49
	android:theme
		ADDED from pe-android/uikit/AndroidManifest.xml:101:13-56
	android:name
		ADDED from pe-android/uikit/AndroidManifest.xml:99:13-75
activity#com.netease.nim.uikit.common.media.picker.activity.PickerAlbumActivity
ADDED from pe-android/uikit/AndroidManifest.xml:102:9-105:59
	android:screenOrientation
		ADDED from pe-android/uikit/AndroidManifest.xml:104:13-49
	android:theme
		ADDED from pe-android/uikit/AndroidManifest.xml:105:13-56
	android:name
		ADDED from pe-android/uikit/AndroidManifest.xml:103:13-77
activity#com.netease.nim.uikit.common.media.picker.activity.PickerAlbumPreviewActivity
ADDED from pe-android/uikit/AndroidManifest.xml:106:9-109:59
	android:screenOrientation
		ADDED from pe-android/uikit/AndroidManifest.xml:108:13-49
	android:theme
		ADDED from pe-android/uikit/AndroidManifest.xml:109:13-56
	android:name
		ADDED from pe-android/uikit/AndroidManifest.xml:107:13-84
activity#com.netease.nim.uikit.common.media.picker.activity.PreviewImageFromLocalActivity
ADDED from pe-android/uikit/AndroidManifest.xml:110:9-115:70
	android:screenOrientation
		ADDED from pe-android/uikit/AndroidManifest.xml:113:13-49
	android:windowSoftInputMode
		ADDED from pe-android/uikit/AndroidManifest.xml:115:13-67
	android:configChanges
		ADDED from pe-android/uikit/AndroidManifest.xml:112:13-63
	android:theme
		ADDED from pe-android/uikit/AndroidManifest.xml:114:13-56
	android:name
		ADDED from pe-android/uikit/AndroidManifest.xml:111:13-87
activity#com.netease.nim.uikit.common.media.picker.activity.PreviewImageFromCameraActivity
ADDED from pe-android/uikit/AndroidManifest.xml:116:9-122:70
	android:screenOrientation
		ADDED from pe-android/uikit/AndroidManifest.xml:120:13-49
	android:label
		ADDED from pe-android/uikit/AndroidManifest.xml:119:13-53
	android:windowSoftInputMode
		ADDED from pe-android/uikit/AndroidManifest.xml:122:13-67
	android:configChanges
		ADDED from pe-android/uikit/AndroidManifest.xml:118:13-63
	android:theme
		ADDED from pe-android/uikit/AndroidManifest.xml:121:13-56
	android:name
		ADDED from pe-android/uikit/AndroidManifest.xml:117:13-88
activity#com.netease.nim.uikit.business.session.activity.CaptureVideoActivity
ADDED from pe-android/uikit/AndroidManifest.xml:125:9-130:70
	android:screenOrientation
		ADDED from pe-android/uikit/AndroidManifest.xml:128:13-49
	android:windowSoftInputMode
		ADDED from pe-android/uikit/AndroidManifest.xml:130:13-67
	android:configChanges
		ADDED from pe-android/uikit/AndroidManifest.xml:127:13-63
	android:theme
		ADDED from pe-android/uikit/AndroidManifest.xml:129:13-56
	android:name
		ADDED from pe-android/uikit/AndroidManifest.xml:126:13-75
activity#com.netease.nim.uikit.business.session.activity.WatchVideoActivity
ADDED from pe-android/uikit/AndroidManifest.xml:131:9-135:48
	android:label
		ADDED from pe-android/uikit/AndroidManifest.xml:134:13-47
	android:configChanges
		ADDED from pe-android/uikit/AndroidManifest.xml:133:13-74
	android:theme
		ADDED from pe-android/uikit/AndroidManifest.xml:135:13-45
	android:name
		ADDED from pe-android/uikit/AndroidManifest.xml:132:13-73
activity#com.netease.nim.uikit.business.session.activity.WatchMessagePictureActivity
ADDED from pe-android/uikit/AndroidManifest.xml:138:9-141:48
	android:configChanges
		ADDED from pe-android/uikit/AndroidManifest.xml:140:13-51
	android:theme
		ADDED from pe-android/uikit/AndroidManifest.xml:141:13-45
	android:name
		ADDED from pe-android/uikit/AndroidManifest.xml:139:13-82
activity#com.netease.nim.uikit.business.session.activity.WatchPicAndVideoMenuActivity
ADDED from pe-android/uikit/AndroidManifest.xml:142:9-145:48
	android:configChanges
		ADDED from pe-android/uikit/AndroidManifest.xml:144:13-51
	android:theme
		ADDED from pe-android/uikit/AndroidManifest.xml:145:13-45
	android:name
		ADDED from pe-android/uikit/AndroidManifest.xml:143:13-83
provider#com.netease.nim.uikit.common.media.picker.model.GenericFileProvider
ADDED from pe-android/uikit/AndroidManifest.xml:147:9-155:20
	android:grantUriPermissions
		ADDED from pe-android/uikit/AndroidManifest.xml:151:13-47
	android:authorities
		ADDED from pe-android/uikit/AndroidManifest.xml:149:13-73
	android:exported
		ADDED from pe-android/uikit/AndroidManifest.xml:150:13-37
	android:name
		ADDED from pe-android/uikit/AndroidManifest.xml:148:13-74
meta-data#android.support.FILE_PROVIDER_PATHS
ADDED from pe-android/uikit/AndroidManifest.xml:152:13-154:58
	android:resource
		ADDED from pe-android/uikit/AndroidManifest.xml:154:17-55
	android:name
		ADDED from pe-android/uikit/AndroidManifest.xml:153:17-67
uses-sdk
INJECTED from pe-android/uikit/AndroidManifest.xml reason: use-sdk injection requested
INJECTED from pe-android/uikit/AndroidManifest.xml
INJECTED from pe-android/uikit/AndroidManifest.xml
INJECTED from pe-android/uikit/AndroidManifest.xml
INJECTED from pe-android/uikit/AndroidManifest.xml
	android:targetSdkVersion
		INJECTED from pe-android/uikit/AndroidManifest.xml
		ADDED from pe-android/uikit/AndroidManifest.xml
		INJECTED from pe-android/uikit/AndroidManifest.xml
	android:minSdkVersion
		INJECTED from pe-android/uikit/AndroidManifest.xml
		ADDED from pe-android/uikit/AndroidManifest.xml
		INJECTED from pe-android/uikit/AndroidManifest.xml
=======
ADDED from pe-android/uikit/AndroidManifest.xml:2:1-158:12
INJECTED from pe-android/uikit/AndroidManifest.xml:2:1-158:12
INJECTED from pe-android/uikit/AndroidManifest.xml:2:1-158:12
INJECTED from pe-android/uikit/AndroidManifest.xml:2:1-158:12
INJECTED from pe-android/uikit/AndroidManifest.xml:2:1-158:12
INJECTED from pe-android/uikit/AndroidManifest.xml:2:1-158:12
INJECTED from pe-android/uikit/AndroidManifest.xml:2:1-158:12
	package
		ADDED from pe-android/uikit/AndroidManifest.xml:3:5-36
		INJECTED from pe-android/uikit/AndroidManifest.xml
		INJECTED from pe-android/uikit/AndroidManifest.xml
	android:versionName
		INJECTED from pe-android/uikit/AndroidManifest.xml
		ADDED from pe-android/uikit/AndroidManifest.xml:2:1-158:12
		INJECTED from pe-android/uikit/AndroidManifest.xml
	android:versionCode
		INJECTED from pe-android/uikit/AndroidManifest.xml
		ADDED from pe-android/uikit/AndroidManifest.xml:2:1-158:12
		INJECTED from pe-android/uikit/AndroidManifest.xml
	xmlns:android
		ADDED from pe-android/uikit/AndroidManifest.xml:2:11-69
application
ADDED from pe-android/uikit/AndroidManifest.xml:5:5-156:19
	android:theme
		ADDED from pe-android/uikit/AndroidManifest.xml:5:18-61
meta-data#com.netease.nim.uikit.support.glide.NIMGlideModule
ADDED from pe-android/uikit/AndroidManifest.xml:6:9-8:43
	android:value
		ADDED from pe-android/uikit/AndroidManifest.xml:8:13-40
	android:name
		ADDED from pe-android/uikit/AndroidManifest.xml:7:13-78
activity#com.netease.nim.uikit.business.session.activity.P2PMessageActivity
ADDED from pe-android/uikit/AndroidManifest.xml:15:9-20:70
	android:screenOrientation
		ADDED from pe-android/uikit/AndroidManifest.xml:18:13-49
	android:windowSoftInputMode
		ADDED from pe-android/uikit/AndroidManifest.xml:20:13-67
	android:configChanges
		ADDED from pe-android/uikit/AndroidManifest.xml:17:13-63
	android:theme
		ADDED from pe-android/uikit/AndroidManifest.xml:19:13-56
	android:name
		ADDED from pe-android/uikit/AndroidManifest.xml:16:13-73
activity#com.netease.nim.uikit.business.session.activity.TeamMessageActivity
ADDED from pe-android/uikit/AndroidManifest.xml:21:9-26:70
	android:screenOrientation
		ADDED from pe-android/uikit/AndroidManifest.xml:24:13-49
	android:windowSoftInputMode
		ADDED from pe-android/uikit/AndroidManifest.xml:26:13-67
	android:configChanges
		ADDED from pe-android/uikit/AndroidManifest.xml:23:13-63
	android:theme
		ADDED from pe-android/uikit/AndroidManifest.xml:25:13-56
	android:name
		ADDED from pe-android/uikit/AndroidManifest.xml:22:13-74
activity#com.netease.nim.uikit.business.team.activity.NormalTeamInfoActivity
ADDED from pe-android/uikit/AndroidManifest.xml:29:9-34:70
	android:screenOrientation
		ADDED from pe-android/uikit/AndroidManifest.xml:32:13-49
	android:windowSoftInputMode
		ADDED from pe-android/uikit/AndroidManifest.xml:34:13-67
	android:configChanges
		ADDED from pe-android/uikit/AndroidManifest.xml:31:13-63
	android:theme
		ADDED from pe-android/uikit/AndroidManifest.xml:33:13-56
	android:name
		ADDED from pe-android/uikit/AndroidManifest.xml:30:13-74
activity#com.netease.nim.uikit.business.team.activity.AdvancedTeamInfoActivity
ADDED from pe-android/uikit/AndroidManifest.xml:35:9-40:70
	android:screenOrientation
		ADDED from pe-android/uikit/AndroidManifest.xml:38:13-49
	android:windowSoftInputMode
		ADDED from pe-android/uikit/AndroidManifest.xml:40:13-67
	android:configChanges
		ADDED from pe-android/uikit/AndroidManifest.xml:37:13-63
	android:theme
		ADDED from pe-android/uikit/AndroidManifest.xml:39:13-56
	android:name
		ADDED from pe-android/uikit/AndroidManifest.xml:36:13-76
activity#com.netease.nim.uikit.business.team.activity.AdvancedTeamMemberActivity
ADDED from pe-android/uikit/AndroidManifest.xml:41:9-46:70
	android:screenOrientation
		ADDED from pe-android/uikit/AndroidManifest.xml:44:13-49
	android:windowSoftInputMode
		ADDED from pe-android/uikit/AndroidManifest.xml:46:13-67
	android:configChanges
		ADDED from pe-android/uikit/AndroidManifest.xml:43:13-63
	android:theme
		ADDED from pe-android/uikit/AndroidManifest.xml:45:13-56
	android:name
		ADDED from pe-android/uikit/AndroidManifest.xml:42:13-78
activity#com.netease.nim.uikit.business.team.activity.AdvancedTeamAnnounceActivity
ADDED from pe-android/uikit/AndroidManifest.xml:47:9-52:70
	android:screenOrientation
		ADDED from pe-android/uikit/AndroidManifest.xml:50:13-49
	android:windowSoftInputMode
		ADDED from pe-android/uikit/AndroidManifest.xml:52:13-67
	android:configChanges
		ADDED from pe-android/uikit/AndroidManifest.xml:49:13-63
	android:theme
		ADDED from pe-android/uikit/AndroidManifest.xml:51:13-56
	android:name
		ADDED from pe-android/uikit/AndroidManifest.xml:48:13-80
activity#com.netease.nim.uikit.business.team.activity.AdvancedTeamMemberInfoActivity
ADDED from pe-android/uikit/AndroidManifest.xml:53:9-58:70
	android:screenOrientation
		ADDED from pe-android/uikit/AndroidManifest.xml:56:13-49
	android:windowSoftInputMode
		ADDED from pe-android/uikit/AndroidManifest.xml:58:13-67
	android:configChanges
		ADDED from pe-android/uikit/AndroidManifest.xml:55:13-63
	android:theme
		ADDED from pe-android/uikit/AndroidManifest.xml:57:13-56
	android:name
		ADDED from pe-android/uikit/AndroidManifest.xml:54:13-82
activity#com.netease.nim.uikit.business.team.activity.AdvancedTeamNicknameActivity
ADDED from pe-android/uikit/AndroidManifest.xml:59:9-64:70
	android:screenOrientation
		ADDED from pe-android/uikit/AndroidManifest.xml:62:13-49
	android:windowSoftInputMode
		ADDED from pe-android/uikit/AndroidManifest.xml:64:13-67
	android:configChanges
		ADDED from pe-android/uikit/AndroidManifest.xml:61:13-63
	android:theme
		ADDED from pe-android/uikit/AndroidManifest.xml:63:13-56
	android:name
		ADDED from pe-android/uikit/AndroidManifest.xml:60:13-80
activity#com.netease.nim.uikit.business.team.activity.AdvancedTeamCreateAnnounceActivity
ADDED from pe-android/uikit/AndroidManifest.xml:65:9-70:70
	android:screenOrientation
		ADDED from pe-android/uikit/AndroidManifest.xml:68:13-49
	android:windowSoftInputMode
		ADDED from pe-android/uikit/AndroidManifest.xml:70:13-67
	android:configChanges
		ADDED from pe-android/uikit/AndroidManifest.xml:67:13-63
	android:theme
		ADDED from pe-android/uikit/AndroidManifest.xml:69:13-56
	android:name
		ADDED from pe-android/uikit/AndroidManifest.xml:66:13-86
activity#com.netease.nim.uikit.business.team.activity.TeamPropertySettingActivity
ADDED from pe-android/uikit/AndroidManifest.xml:71:9-76:70
	android:screenOrientation
		ADDED from pe-android/uikit/AndroidManifest.xml:74:13-49
	android:windowSoftInputMode
		ADDED from pe-android/uikit/AndroidManifest.xml:76:13-67
	android:configChanges
		ADDED from pe-android/uikit/AndroidManifest.xml:73:13-63
	android:theme
		ADDED from pe-android/uikit/AndroidManifest.xml:75:13-56
	android:name
		ADDED from pe-android/uikit/AndroidManifest.xml:72:13-79
activity#com.netease.nim.uikit.business.contact.selector.activity.ContactSelectActivity
ADDED from pe-android/uikit/AndroidManifest.xml:79:9-85:67
	android:screenOrientation
		ADDED from pe-android/uikit/AndroidManifest.xml:83:13-49
	android:label
		ADDED from pe-android/uikit/AndroidManifest.xml:82:13-53
	android:windowSoftInputMode
		ADDED from pe-android/uikit/AndroidManifest.xml:85:13-64
	android:configChanges
		ADDED from pe-android/uikit/AndroidManifest.xml:81:13-63
	android:theme
		ADDED from pe-android/uikit/AndroidManifest.xml:84:13-56
	android:name
		ADDED from pe-android/uikit/AndroidManifest.xml:80:13-85
activity#com.netease.nim.uikit.business.ait.selector.AitContactSelectorActivity
ADDED from pe-android/uikit/AndroidManifest.xml:88:9-91:59
	android:screenOrientation
		ADDED from pe-android/uikit/AndroidManifest.xml:90:13-49
	android:theme
		ADDED from pe-android/uikit/AndroidManifest.xml:91:13-56
	android:name
		ADDED from pe-android/uikit/AndroidManifest.xml:89:13-77
activity#com.netease.nim.uikit.common.media.picker.activity.PickImageActivity
ADDED from pe-android/uikit/AndroidManifest.xml:94:9-97:59
	android:screenOrientation
		ADDED from pe-android/uikit/AndroidManifest.xml:96:13-49
	android:theme
		ADDED from pe-android/uikit/AndroidManifest.xml:97:13-56
	android:name
		ADDED from pe-android/uikit/AndroidManifest.xml:95:13-75
activity#com.netease.nim.uikit.common.media.picker.activity.CropImageActivity
ADDED from pe-android/uikit/AndroidManifest.xml:98:9-101:59
	android:screenOrientation
		ADDED from pe-android/uikit/AndroidManifest.xml:100:13-49
	android:theme
		ADDED from pe-android/uikit/AndroidManifest.xml:101:13-56
	android:name
		ADDED from pe-android/uikit/AndroidManifest.xml:99:13-75
activity#com.netease.nim.uikit.common.media.picker.activity.PickerAlbumActivity
ADDED from pe-android/uikit/AndroidManifest.xml:102:9-105:59
	android:screenOrientation
		ADDED from pe-android/uikit/AndroidManifest.xml:104:13-49
	android:theme
		ADDED from pe-android/uikit/AndroidManifest.xml:105:13-56
	android:name
		ADDED from pe-android/uikit/AndroidManifest.xml:103:13-77
activity#com.netease.nim.uikit.common.media.picker.activity.PickerAlbumPreviewActivity
ADDED from pe-android/uikit/AndroidManifest.xml:106:9-109:59
	android:screenOrientation
		ADDED from pe-android/uikit/AndroidManifest.xml:108:13-49
	android:theme
		ADDED from pe-android/uikit/AndroidManifest.xml:109:13-56
	android:name
		ADDED from pe-android/uikit/AndroidManifest.xml:107:13-84
activity#com.netease.nim.uikit.common.media.picker.activity.PreviewImageFromLocalActivity
ADDED from pe-android/uikit/AndroidManifest.xml:110:9-115:70
	android:screenOrientation
		ADDED from pe-android/uikit/AndroidManifest.xml:113:13-49
	android:windowSoftInputMode
		ADDED from pe-android/uikit/AndroidManifest.xml:115:13-67
	android:configChanges
		ADDED from pe-android/uikit/AndroidManifest.xml:112:13-63
	android:theme
		ADDED from pe-android/uikit/AndroidManifest.xml:114:13-56
	android:name
		ADDED from pe-android/uikit/AndroidManifest.xml:111:13-87
activity#com.netease.nim.uikit.common.media.picker.activity.PreviewImageFromCameraActivity
ADDED from pe-android/uikit/AndroidManifest.xml:116:9-122:70
	android:screenOrientation
		ADDED from pe-android/uikit/AndroidManifest.xml:120:13-49
	android:label
		ADDED from pe-android/uikit/AndroidManifest.xml:119:13-53
	android:windowSoftInputMode
		ADDED from pe-android/uikit/AndroidManifest.xml:122:13-67
	android:configChanges
		ADDED from pe-android/uikit/AndroidManifest.xml:118:13-63
	android:theme
		ADDED from pe-android/uikit/AndroidManifest.xml:121:13-56
	android:name
		ADDED from pe-android/uikit/AndroidManifest.xml:117:13-88
activity#com.netease.nim.uikit.business.session.activity.CaptureVideoActivity
ADDED from pe-android/uikit/AndroidManifest.xml:125:9-130:70
	android:screenOrientation
		ADDED from pe-android/uikit/AndroidManifest.xml:128:13-49
	android:windowSoftInputMode
		ADDED from pe-android/uikit/AndroidManifest.xml:130:13-67
	android:configChanges
		ADDED from pe-android/uikit/AndroidManifest.xml:127:13-63
	android:theme
		ADDED from pe-android/uikit/AndroidManifest.xml:129:13-56
	android:name
		ADDED from pe-android/uikit/AndroidManifest.xml:126:13-75
activity#com.netease.nim.uikit.business.session.activity.WatchVideoActivity
ADDED from pe-android/uikit/AndroidManifest.xml:131:9-135:48
	android:label
		ADDED from pe-android/uikit/AndroidManifest.xml:134:13-47
	android:configChanges
		ADDED from pe-android/uikit/AndroidManifest.xml:133:13-74
	android:theme
		ADDED from pe-android/uikit/AndroidManifest.xml:135:13-45
	android:name
		ADDED from pe-android/uikit/AndroidManifest.xml:132:13-73
activity#com.netease.nim.uikit.business.session.activity.WatchMessagePictureActivity
ADDED from pe-android/uikit/AndroidManifest.xml:138:9-141:48
	android:configChanges
		ADDED from pe-android/uikit/AndroidManifest.xml:140:13-51
	android:theme
		ADDED from pe-android/uikit/AndroidManifest.xml:141:13-45
	android:name
		ADDED from pe-android/uikit/AndroidManifest.xml:139:13-82
activity#com.netease.nim.uikit.business.session.activity.WatchPicAndVideoMenuActivity
ADDED from pe-android/uikit/AndroidManifest.xml:142:9-145:48
	android:configChanges
		ADDED from pe-android/uikit/AndroidManifest.xml:144:13-51
	android:theme
		ADDED from pe-android/uikit/AndroidManifest.xml:145:13-45
	android:name
		ADDED from pe-android/uikit/AndroidManifest.xml:143:13-83
provider#com.netease.nim.uikit.common.media.picker.model.GenericFileProvider
ADDED from pe-android/uikit/AndroidManifest.xml:147:9-155:20
	android:grantUriPermissions
		ADDED from pe-android/uikit/AndroidManifest.xml:151:13-47
	android:authorities
		ADDED from pe-android/uikit/AndroidManifest.xml:149:13-73
	android:exported
		ADDED from pe-android/uikit/AndroidManifest.xml:150:13-37
	android:name
		ADDED from pe-android/uikit/AndroidManifest.xml:148:13-74
meta-data#android.support.FILE_PROVIDER_PATHS
ADDED from pe-android/uikit/AndroidManifest.xml:152:13-154:58
	android:resource
		ADDED from pe-android/uikit/AndroidManifest.xml:154:17-55
	android:name
		ADDED from pe-android/uikit/AndroidManifest.xml:153:17-67
uses-sdk
INJECTED from pe-android/uikit/AndroidManifest.xml reason: use-sdk injection requested
INJECTED from pe-android/uikit/AndroidManifest.xml
INJECTED from pe-android/uikit/AndroidManifest.xml
INJECTED from pe-android/uikit/AndroidManifest.xml
INJECTED from pe-android/uikit/AndroidManifest.xml
	android:targetSdkVersion
		INJECTED from pe-android/uikit/AndroidManifest.xml
		ADDED from pe-android/uikit/AndroidManifest.xml
		INJECTED from pe-android/uikit/AndroidManifest.xml
	android:minSdkVersion
		INJECTED from pe-android/uikit/AndroidManifest.xml
		ADDED from pe-android/uikit/AndroidManifest.xml
		INJECTED from pe-android/uikit/AndroidManifest.xml
>>>>>>> ac73e2849a73e789e1538e474b02aa06dc4d141c